Using pre-set license
Built from '2021.3/staging' branch; Version is '2021.3.16f1 (4016570cf34f) revision 4200023'; Using compiler version '192829333'; Build Type 'Release'
OS: 'Windows 10  (10.0.19044) 64bit Core' Language: 'ja' Physical Memory: 16314 MB
BatchMode: 1, IsHumanControllingUs: 0, StartBugReporterOnCrash: 0, Is64bit: 1, IsPro: 1

COMMAND LINE ARGUMENTS:
C:\Program Files\2021.3.16f1\Editor\Unity.exe
-adb2
-batchMode
-noUpm
-name
AssetImportWorker2
-projectPath
C:/Unity/Here_to_slay_online/HeretoSlayOnline
-logFile
Logs/AssetImportWorker2.log
-srvPort
55304
Successfully changed project path to: C:/Unity/Here_to_slay_online/HeretoSlayOnline
C:/Unity/Here_to_slay_online/HeretoSlayOnline
[UnityMemory] Configuration Parameters - Can be set up in boot.config
    "memorysetup-bucket-allocator-granularity=16"
    "memorysetup-bucket-allocator-bucket-count=8"
    "memorysetup-bucket-allocator-block-size=33554432"
    "memorysetup-bucket-allocator-block-count=8"
    "memorysetup-main-allocator-block-size=16777216"
    "memorysetup-thread-allocator-block-size=16777216"
    "memorysetup-gfx-main-allocator-block-size=16777216"
    "memorysetup-gfx-thread-allocator-block-size=16777216"
    "memorysetup-cache-allocator-block-size=4194304"
    "memorysetup-typetree-allocator-block-size=2097152"
    "memorysetup-profiler-bucket-allocator-granularity=16"
    "memorysetup-profiler-bucket-allocator-bucket-count=8"
    "memorysetup-profiler-bucket-allocator-block-size=33554432"
    "memorysetup-profiler-bucket-allocator-block-count=8"
    "memorysetup-profiler-allocator-block-size=16777216"
    "memorysetup-profiler-editor-allocator-block-size=1048576"
    "memorysetup-temp-allocator-size-main=16777216"
    "memorysetup-job-temp-allocator-block-size=2097152"
    "memorysetup-job-temp-allocator-block-size-background=1048576"
    "memorysetup-job-temp-allocator-reduction-small-platforms=262144"
    "memorysetup-temp-allocator-size-background-worker=32768"
    "memorysetup-temp-allocator-size-job-worker=262144"
    "memorysetup-temp-allocator-size-preload-manager=33554432"
    "memorysetup-temp-allocator-size-nav-mesh-worker=65536"
    "memorysetup-temp-allocator-size-audio-worker=65536"
    "memorysetup-temp-allocator-size-cloud-worker=32768"
    "memorysetup-temp-allocator-size-gi-baking-worker=262144"
    "memorysetup-temp-allocator-size-gfx=262144"
Player connection [13748] Host "[IP] 192.168.1.14 [Port] 0 [Flags] 2 [Guid] 330623119 [EditorId] 330623119 [Version] 1048832 [Id] WindowsEditor(7,DESKTOP-BGTKVAT) [Debug] 1 [PackageName] WindowsEditor [ProjectName] Editor" joined multi-casting on [225.0.0.222:54997]...

Player connection [13748] Host "[IP] 192.168.1.14 [Port] 0 [Flags] 2 [Guid] 330623119 [EditorId] 330623119 [Version] 1048832 [Id] WindowsEditor(7,DESKTOP-BGTKVAT) [Debug] 1 [PackageName] WindowsEditor [ProjectName] Editor" joined alternative multi-casting on [225.0.0.222:34997]...

Refreshing native plugins compatible for Editor in 191.81 ms, found 4 plugins.
Preloading 0 native plugins for Editor in 0.00 ms.
Initialize engine version: 2021.3.16f1 (4016570cf34f)
[Subsystems] Discovering subsystems at path C:/Program Files/2021.3.16f1/Editor/Data/Resources/UnitySubsystems
[Subsystems] Discovering subsystems at path C:/Unity/Here_to_slay_online/HeretoSlayOnline/Assets
GfxDevice: creating device client; threaded=0; jobified=0
Direct3D:
    Version:  Direct3D 11.0 [level 11.1]
    Renderer: NVIDIA GeForce RTX 3060 (ID=0x2504)
    Vendor:   NVIDIA
    VRAM:     12142 MB
    Driver:   31.0.15.1694
Initialize mono
Mono path[0] = 'C:/Program Files/2021.3.16f1/Editor/Data/Managed'
Mono path[1] = 'C:/Program Files/2021.3.16f1/Editor/Data/MonoBleedingEdge/lib/mono/unityjit-win32'
Mono config path = 'C:/Program Files/2021.3.16f1/Editor/Data/MonoBleedingEdge/etc'
Using monoOptions --debugger-agent=transport=dt_socket,embedding=1,server=y,suspend=n,address=127.0.0.1:56764
Begin MonoManager ReloadAssembly
Registering precompiled unity dll's ...
Register platform support module: C:/Program Files/2021.3.16f1/Editor/Data/PlaybackEngines/WindowsStandaloneSupport/UnityEditor.WindowsStandalone.Extensions.dll
Registered in 0.007820 seconds.
Native extension for WindowsStandalone target not found
Refreshing native plugins compatible for Editor in 96.23 ms, found 4 plugins.
Preloading 0 native plugins for Editor in 0.00 ms.
Mono: successfully reloaded assembly
- Completed reload, in  0.684 seconds
Domain Reload Profiling:
	ReloadAssembly (685ms)
		BeginReloadAssembly (89ms)
			ExecutionOrderSort (0ms)
			DisableScriptedObjects (0ms)
			BackupInstance (0ms)
			ReleaseScriptingObjects (0ms)
			CreateAndSetChildDomain (1ms)
		EndReloadAssembly (471ms)
			LoadAssemblies (86ms)
			RebuildTransferFunctionScriptingTraits (0ms)
			SetupTypeCache (130ms)
			ReleaseScriptCaches (0ms)
			RebuildScriptCaches (27ms)
			SetupLoadedEditorAssemblies (258ms)
				LogAssemblyErrors (0ms)
				InitializePlatformSupportModulesInManaged (7ms)
				SetLoadedEditorAssemblies (0ms)
				RefreshPlugins (96ms)
				BeforeProcessingInitializeOnLoad (1ms)
				ProcessInitializeOnLoadAttributes (111ms)
				ProcessInitializeOnLoadMethodAttributes (43ms)
				AfterProcessingInitializeOnLoad (0ms)
				EditorAssembliesLoaded (0ms)
			ExecutionOrderSort2 (0ms)
			AwakeInstancesAfterBackupRestoration (0ms)
Platform modules already initialized, skipping
Registering precompiled user dll's ...
Registered in 0.024804 seconds.
Begin MonoManager ReloadAssembly
Symbol file LoadedFromMemory doesn't match image C:\Unity\Here_to_slay_online\HeretoSlayOnline\Library\PackageCache\com.unity.visualscripting@1.7.8\Editor\VisualScripting.Core\Dependencies\YamlDotNet\Unity.VisualScripting.YamlDotNet.dll
Symbol file LoadedFromMemory doesn't match image C:\Unity\Here_to_slay_online\HeretoSlayOnline\Library\PackageCache\com.unity.visualscripting@1.7.8\Editor\VisualScripting.Core\Dependencies\DotNetZip\Unity.VisualScripting.IonicZip.dll
Native extension for WindowsStandalone target not found
Refreshing native plugins compatible for Editor in 94.92 ms, found 4 plugins.
Preloading 0 native plugins for Editor in 0.00 ms.
Mono: successfully reloaded assembly
- Completed reload, in  1.463 seconds
Domain Reload Profiling:
	ReloadAssembly (1463ms)
		BeginReloadAssembly (142ms)
			ExecutionOrderSort (0ms)
			DisableScriptedObjects (6ms)
			BackupInstance (0ms)
			ReleaseScriptingObjects (0ms)
			CreateAndSetChildDomain (22ms)
		EndReloadAssembly (1193ms)
			LoadAssemblies (125ms)
			RebuildTransferFunctionScriptingTraits (0ms)
			SetupTypeCache (294ms)
			ReleaseScriptCaches (1ms)
			RebuildScriptCaches (61ms)
			SetupLoadedEditorAssemblies (696ms)
				LogAssemblyErrors (0ms)
				InitializePlatformSupportModulesInManaged (5ms)
				SetLoadedEditorAssemblies (1ms)
				RefreshPlugins (95ms)
				BeforeProcessingInitializeOnLoad (114ms)
				ProcessInitializeOnLoadAttributes (425ms)
				ProcessInitializeOnLoadMethodAttributes (45ms)
				AfterProcessingInitializeOnLoad (11ms)
				EditorAssembliesLoaded (0ms)
			ExecutionOrderSort2 (0ms)
			AwakeInstancesAfterBackupRestoration (6ms)
Platform modules already initialized, skipping
========================================================================
Worker process is ready to serve import requests
Launched and connected shader compiler UnityShaderCompiler.exe after 0.06 seconds
Refreshing native plugins compatible for Editor in 1.55 ms, found 4 plugins.
Preloading 0 native plugins for Editor in 0.00 ms.
Unloading 4488 Unused Serialized files (Serialized files now loaded: 0)
Unloading 45 unused Assets / (229.0 KB). Loaded Objects now: 4938.
Memory consumption went from 166.8 MB to 166.6 MB.
Total: 4.343800 ms (FindLiveObjects: 0.459800 ms CreateObjectMapping: 0.108700 ms MarkObjects: 3.596900 ms  DeleteObjects: 0.176500 ms)

AssetImportParameters requested are different than current active one (requested -> active):
  custom:video-decoder-ogg-theora: a1e56fd34408186e4bbccfd4996cb3dc -> 
  custom:container-muxer-webm: aa71ff27fc2769a1b78a27578f13a17b -> 
  custom:container-demuxer-webm: 4f35f7cbe854078d1ac9338744f61a02 -> 
  custom:video-encoder-webm-vp8: eb34c28f22e8b96e1ab97ce403110664 -> 
  custom:video-codec-MediaFoundation-h265: 746d11721c4dcdbdad8f713fa42b33f4 -> 
  custom:audio-encoder-webm-vorbis: bf7c407c2cedff20999df2af8eb42d56 -> 
  custom:framework-win-MediaFoundation: 216162199b28c13a410421893ffa2e32 -> 
  custom:container-demuxer-ogg: 62fdf1f143b41e24485cea50d1cbac27 -> 
  custom:video-decoder-webm-vp8: 9c59270c3fd7afecdb556c50c9e8de78 -> 
  custom:audio-decoder-ogg-vorbis: bf7c407c2cedff20999df2af8eb42d56 -> 
========================================================================
Received Import Request.
  Time since last request: 51993.865194 seconds.
  path: Assets/Images/200px-HtS-Base-004.png
  artifactKey: Guid(2dce954773b848148b36fcbb92c69b7a) Importer(815301076,1909f56bfc062723c751e8b465ee728b)
Start importing Assets/Images/200px-HtS-Base-004.png using Guid(2dce954773b848148b36fcbb92c69b7a) Importer(815301076,1909f56bfc062723c751e8b465ee728b)  -> (artifact id: '57f7d2164db4d2aef1f1eb07c51fae42') in 0.133274 seconds 
========================================================================
Received Import Request.
  Time since last request: 0.000033 seconds.
  path: Assets/Images/monster_and_leader_cards.png
  artifactKey: Guid(d4966e66b96851a4e914de42268e211a) Importer(815301076,1909f56bfc062723c751e8b465ee728b)
Start importing Assets/Images/monster_and_leader_cards.png using Guid(d4966e66b96851a4e914de42268e211a) Importer(815301076,1909f56bfc062723c751e8b465ee728b)  -> (artifact id: 'c0a1693e20410be251588d76feae4f0b') in 0.051308 seconds 
========================================================================
Received Import Request.
  Time since last request: 28.113955 seconds.
  path: Assets/Images/deck_cards.png
  artifactKey: Guid(f3277801fff5e3340be08b8fc702d209) Importer(815301076,1909f56bfc062723c751e8b465ee728b)
Start importing Assets/Images/deck_cards.png using Guid(f3277801fff5e3340be08b8fc702d209) Importer(815301076,1909f56bfc062723c751e8b465ee728b)  -> (artifact id: '5567ea61137623f5830cb2434caf9e3a') in 0.003977 seconds 
========================================================================
Received Import Request.
  Time since last request: 16.659021 seconds.
  path: Assets/Images/monster_and_leader_cards.png
  artifactKey: Guid(d4966e66b96851a4e914de42268e211a) Importer(815301076,1909f56bfc062723c751e8b465ee728b)
Start importing Assets/Images/monster_and_leader_cards.png using Guid(d4966e66b96851a4e914de42268e211a) Importer(815301076,1909f56bfc062723c751e8b465ee728b)  -> (artifact id: '5ee0dbafee975f757c25fc273705a12b') in 0.023851 seconds 
========================================================================
Received Import Request.
  Time since last request: 66.922701 seconds.
  path: Assets/Images/monster_and_leader_cards.png
  artifactKey: Guid(d4966e66b96851a4e914de42268e211a) Importer(815301076,1909f56bfc062723c751e8b465ee728b)
Start importing Assets/Images/monster_and_leader_cards.png using Guid(d4966e66b96851a4e914de42268e211a) Importer(815301076,1909f56bfc062723c751e8b465ee728b)  -> (artifact id: '6dc15081422763df7c9291147f6bc64b') in 0.101064 seconds 
========================================================================
Received Import Request.
  Time since last request: 121.671265 seconds.
  path: Assets/Images/deck_cards.png
  artifactKey: Guid(f3277801fff5e3340be08b8fc702d209) Importer(815301076,1909f56bfc062723c751e8b465ee728b)
Start importing Assets/Images/deck_cards.png using Guid(f3277801fff5e3340be08b8fc702d209) Importer(815301076,1909f56bfc062723c751e8b465ee728b)  -> (artifact id: 'bc9ba9b43136d7505d6f4a277927c4c0') in 0.002450 seconds 
========================================================================
Received Import Request.
  Time since last request: 28.537144 seconds.
  path: Assets/Images/deck_cards.png
  artifactKey: Guid(f3277801fff5e3340be08b8fc702d209) Importer(815301076,1909f56bfc062723c751e8b465ee728b)
Start importing Assets/Images/deck_cards.png using Guid(f3277801fff5e3340be08b8fc702d209) Importer(815301076,1909f56bfc062723c751e8b465ee728b)  -> (artifact id: 'd30a3fd88fa5628618ccceed3a193900') in 0.005276 seconds 
========================================================================
Received Import Request.
  Time since last request: 9.551550 seconds.
  path: Assets/Images/deck_cards.png
  artifactKey: Guid(f3277801fff5e3340be08b8fc702d209) Importer(815301076,1909f56bfc062723c751e8b465ee728b)
Start importing Assets/Images/deck_cards.png using Guid(f3277801fff5e3340be08b8fc702d209) Importer(815301076,1909f56bfc062723c751e8b465ee728b)  -> (artifact id: '805921c575fa09424266318b1a8857e7') in 0.005356 seconds 
========================================================================
Received Import Request.
  Time since last request: 431.968391 seconds.
  path: Assets/Images/deck_cards.png
  artifactKey: Guid(f3277801fff5e3340be08b8fc702d209) Importer(815301076,1909f56bfc062723c751e8b465ee728b)
Start importing Assets/Images/deck_cards.png using Guid(f3277801fff5e3340be08b8fc702d209) Importer(815301076,1909f56bfc062723c751e8b465ee728b)  -> (artifact id: '32159a03bc7b9253ce38182e90816b76') in 0.005135 seconds 
========================================================================
Received Import Request.
  Time since last request: 72.660115 seconds.
  path: Assets/Images/deck_cards.png
  artifactKey: Guid(f3277801fff5e3340be08b8fc702d209) Importer(815301076,1909f56bfc062723c751e8b465ee728b)
Start importing Assets/Images/deck_cards.png using Guid(f3277801fff5e3340be08b8fc702d209) Importer(815301076,1909f56bfc062723c751e8b465ee728b)  -> (artifact id: 'cf62d7f8af3e3c1df511ad57e5ef13fb') in 0.004896 seconds 
========================================================================
Received Import Request.
  Time since last request: 797.898861 seconds.
  path: Assets/Images/deck_cards.png
  artifactKey: Guid(f3277801fff5e3340be08b8fc702d209) Importer(815301076,1909f56bfc062723c751e8b465ee728b)
Start importing Assets/Images/deck_cards.png using Guid(f3277801fff5e3340be08b8fc702d209) Importer(815301076,1909f56bfc062723c751e8b465ee728b)  -> (artifact id: '4053a2aedd63d18d433830cf3be73f0c') in 0.005054 seconds 
========================================================================
Received Import Request.
  Time since last request: 2747.004810 seconds.
  path: Assets/Images/deckCard1.png
  artifactKey: Guid(0495bced51f3c3b40b7106cac7eda859) Importer(815301076,1909f56bfc062723c751e8b465ee728b)
Start importing Assets/Images/deckCard1.png using Guid(0495bced51f3c3b40b7106cac7eda859) Importer(815301076,1909f56bfc062723c751e8b465ee728b)  -> (artifact id: 'f2bf4a2b9e2d316f9c75c8f8acc8afc8') in 0.487191 seconds 
========================================================================
Received Import Request.
  Time since last request: 11.708090 seconds.
  path: Assets/Images/deckCard1.png
  artifactKey: Guid(0495bced51f3c3b40b7106cac7eda859) Importer(815301076,1909f56bfc062723c751e8b465ee728b)
Start importing Assets/Images/deckCard1.png using Guid(0495bced51f3c3b40b7106cac7eda859) Importer(815301076,1909f56bfc062723c751e8b465ee728b)  -> (artifact id: '0e95ff27d2f7c083e64c5c81294c090c') in 2.163875 seconds 
========================================================================
Received Import Request.
  Time since last request: 426.809171 seconds.
  path: Assets/Images/deckCard2.png
  artifactKey: Guid(21dcf5d8bd7f04d409a35e3670e59886) Importer(815301076,1909f56bfc062723c751e8b465ee728b)
Start importing Assets/Images/deckCard2.png using Guid(21dcf5d8bd7f04d409a35e3670e59886) Importer(815301076,1909f56bfc062723c751e8b465ee728b)  -> (artifact id: 'cbbc65dbf6a48063217ee4972cfc6423') in 0.274451 seconds 
========================================================================
Received Import Request.
  Time since last request: 12.449733 seconds.
  path: Assets/Images/deckCard1.png
  artifactKey: Guid(0495bced51f3c3b40b7106cac7eda859) Importer(815301076,1909f56bfc062723c751e8b465ee728b)
Start importing Assets/Images/deckCard1.png using Guid(0495bced51f3c3b40b7106cac7eda859) Importer(815301076,1909f56bfc062723c751e8b465ee728b)  -> (artifact id: '7dc5eba0b35e73299a4b7f8b700069d5') in 0.033414 seconds 
========================================================================
Received Import Request.
  Time since last request: 33.306422 seconds.
  path: Assets/Images/deckCard1.png
  artifactKey: Guid(0495bced51f3c3b40b7106cac7eda859) Importer(815301076,1909f56bfc062723c751e8b465ee728b)
Start importing Assets/Images/deckCard1.png using Guid(0495bced51f3c3b40b7106cac7eda859) Importer(815301076,1909f56bfc062723c751e8b465ee728b)  -> (artifact id: '82cb1e676ad1689b2fb7d6545ca04432') in 0.492592 seconds 
========================================================================
Received Import Request.
  Time since last request: 16.137528 seconds.
  path: Assets/Images/deckCard2.png
  artifactKey: Guid(21dcf5d8bd7f04d409a35e3670e59886) Importer(815301076,1909f56bfc062723c751e8b465ee728b)
Start importing Assets/Images/deckCard2.png using Guid(21dcf5d8bd7f04d409a35e3670e59886) Importer(815301076,1909f56bfc062723c751e8b465ee728b)  -> (artifact id: 'ebc5d9837770511d7b2f9220ad994d0e') in 0.018328 seconds 
========================================================================
Received Import Request.
  Time since last request: 21.650973 seconds.
  path: Assets/Images/deckCard2.png
  artifactKey: Guid(21dcf5d8bd7f04d409a35e3670e59886) Importer(815301076,1909f56bfc062723c751e8b465ee728b)
Start importing Assets/Images/deckCard2.png using Guid(21dcf5d8bd7f04d409a35e3670e59886) Importer(815301076,1909f56bfc062723c751e8b465ee728b)  -> (artifact id: '7afd320ecfe3489ca5d429b56f959a91') in 0.301866 seconds 
